<?xml version="1.0" encoding="UTF-8"?>
<testsuites name="jest tests" tests="2" failures="0" errors="0" time="6.731">
  <testsuite name="Test the root path" errors="0" failures="0" skipped="0" timestamp="2021-07-15T20:32:18" time="4.228" tests="1">
    <testcase classname="Test the root path It should check the invalid endpoint as a standard Health Check" name="Test the root path It should check the invalid endpoint as a standard Health Check" time="0.054">
    </testcase>
  </testsuite>
  <testsuite name="Test the root path" errors="0" failures="0" skipped="0" timestamp="2021-07-15T20:32:22" time="1.485" tests="1">
    <testcase classname="Test the root path It should check the invalid endpoint as a standard Health Check" name="Test the root path It should check the invalid endpoint as a standard Health Check" time="0.028">
    </testcase>
  </testsuite>
</testsuites>